<?xml version="1.0" encoding="UTF-8"?>
<!-- Generated by org.testng.reporters.JUnitReportReporter -->
<testsuite hostname="PSL" failures="0" tests="1" name="com.comcast.crm.organizationtest.CreateOrganizationTest" time="70.396" errors="0" timestamp="2025-09-25T14:54:36 IST" skipped="0">
  <testcase classname="com.comcast.crm.organizationtest.CreateOrganizationTest" name="createOrganization" time="70.396"/>
  <system-out>
    <![CDATA[====Connect To DB, Report Configuration====
====Open Browser====
====Login To Application====
====Logout of Application====
====Close Browser====
====Close DB Connection, Report Backup====]]>
  </system-out>
</testsuite> <!-- com.comcast.crm.organizationtest.CreateOrganizationTest -->
