<?xml version="1.0" encoding="UTF-8"?>
<!-- Generated by org.testng.reporters.JUnitReportReporter -->
<testsuite hostname="PSL" failures="0" tests="3" name="com.comcast.crm.contacttest.CreateContactTest" time="164.722" errors="0" timestamp="2025-09-26T11:21:22 IST" skipped="0">
  <testcase classname="com.comcast.crm.contacttest.CreateContactTest" name="createContactWithOrganization" time="73.923"/>
  <testcase classname="com.comcast.crm.contacttest.CreateContactTest" name="createContactWithDate" time="45.085"/>
  <testcase classname="com.comcast.crm.contacttest.CreateContactTest" name="createContact" time="45.714"/>
  <system-out>
    <![CDATA[====Connect To DB, Report Configuration====
====Open Browser====
====Login To Application====
====Logout of Application====
====Login To Application====
====Logout of Application====
====Login To Application====
====Logout of Application====
====Close Browser====
====Close DB Connection, Report Backup====]]>
  </system-out>
</testsuite> <!-- com.comcast.crm.contacttest.CreateContactTest -->
