<?xml version="1.0" encoding="UTF-8"?>
<!-- Generated by org.testng.reporters.JUnitReportReporter -->
<testsuite hostname="PSL" failures="0" tests="3" name="com.comcast.crm.contacttest.CreateContactTest" time="357.205" errors="0" timestamp="2025-09-25T14:49:37 IST" skipped="0">
  <testcase classname="com.comcast.crm.contacttest.CreateContactTest" name="createContactWithOrganization" time="155.266"/>
  <testcase classname="com.comcast.crm.contacttest.CreateContactTest" name="createContactWithDate" time="66.792"/>
  <testcase classname="com.comcast.crm.contacttest.CreateContactTest" name="createContact" time="135.147"/>
  <system-out>
    <![CDATA[====Connect To DB, Report Configuration====
====Open Browser====
====Open Browser====
====Login To Application====
====Login To Application====
====Logout of Application====
====Logout of Application====
====Login To Application====
====Login To Application====
====Logout of Application====
====Login To Application====
====Logout of Application====
====Login To Application====
====Logout of Application====
====Logout of Application====
====Close Browser====
====Close DB Connection, Report Backup====]]>
  </system-out>
</testsuite> <!-- com.comcast.crm.contacttest.CreateContactTest -->
