<?xml version="1.0" encoding="UTF-8"?>
<!-- Generated by org.testng.reporters.JUnitReportReporter -->
<testsuite hostname="PSL" failures="0" tests="1" name="practiceTest.SampleTest" time="139.552" errors="0" timestamp="2025-09-28T18:36:40 IST" skipped="0">
  <testcase classname="practiceTest.SampleTest" name="sampleTest" time="139.552"/>
  <system-out>
    <![CDATA[====Connect To DB, Report Configuration====
====Open Browser====
====Login To Application====
====Logout of Application====
====Close Browser====
====Close DB Connection, Report Backup====]]>
  </system-out>
</testsuite> <!-- practiceTest.SampleTest -->
