<?xml version="1.0" encoding="UTF-8"?>
<!-- Generated by org.testng.reporters.JUnitReportReporter -->
<testsuite hostname="PSL" failures="0" tests="4" name="com.comcast.crm.contacttest.CreateContactTest" time="0.076" errors="1" timestamp="2025-09-24T13:26:39 IST" skipped="3">
  <testcase classname="com.comcast.crm.contacttest.CreateContactTest" name="createContactWithOrganization" time="0.001">
    <skipped/>
  </testcase> <!-- createContactWithOrganization -->
  <testcase classname="com.comcast.crm.contacttest.CreateContactTest" name="createContact" time="0.061">
    <skipped/>
  </testcase> <!-- createContact -->
  <testcase classname="com.comcast.crm.contacttest.CreateContactTest" name="createContactWithDate" time="0.000">
    <skipped/>
  </testcase> <!-- createContactWithDate -->
  <testcase classname="com.comcast.crm.contacttest.CreateContactTest" name="openBrowser" time="0.014">
    <error message=".\configAppData\CommonData.properties (The system cannot find the path specified)" type="java.io.FileNotFoundException">
      <![CDATA[java.io.FileNotFoundException: .\configAppData\CommonData.properties (The system cannot find the path specified)
at java.base/java.io.FileInputStream.open0(Native Method)
at java.base/java.io.FileInputStream.open(FileInputStream.java:213)
at java.base/java.io.FileInputStream.<init>(FileInputStream.java:152)
at java.base/java.io.FileInputStream.<init>(FileInputStream.java:106)
at com.comcast.crm.generic.fileutility.FileUtility.getDataFromPropertiesFile(FileUtility.java:19)
at com.comcast.crm.baseclass.BaseClass.openBrowser(BaseClass.java:58)
at java.base/jdk.internal.reflect.DirectMethodHandleAccessor.invoke(DirectMethodHandleAccessor.java:103)
at java.base/java.lang.reflect.Method.invoke(Method.java:580)
at org.testng.internal.invokers.MethodInvocationHelper.invokeMethod(MethodInvocationHelper.java:139)
at org.testng.internal.invokers.MethodInvocationHelper.invokeMethodConsideringTimeout(MethodInvocationHelper.java:69)
at org.testng.internal.invokers.ConfigInvoker.invokeConfigurationMethod(ConfigInvoker.java:390)
at org.testng.internal.invokers.ConfigInvoker.invokeConfigurations(ConfigInvoker.java:325)
at org.testng.internal.invokers.TestMethodWorker.invokeBeforeClassMethods(TestMethodWorker.java:180)
at org.testng.internal.invokers.TestMethodWorker.run(TestMethodWorker.java:122)
at java.base/java.util.ArrayList.forEach(ArrayList.java:1596)
at org.testng.TestRunner.privateRun(TestRunner.java:848)
at org.testng.TestRunner.run(TestRunner.java:621)
at org.testng.SuiteRunner.runTest(SuiteRunner.java:443)
at org.testng.SuiteRunner.runSequentially(SuiteRunner.java:437)
at org.testng.SuiteRunner.privateRun(SuiteRunner.java:397)
at org.testng.SuiteRunner.run(SuiteRunner.java:336)
at org.testng.SuiteRunnerWorker.runSuite(SuiteRunnerWorker.java:52)
at org.testng.SuiteRunnerWorker.run(SuiteRunnerWorker.java:95)
at org.testng.TestNG.runSuitesSequentially(TestNG.java:1280)
at org.testng.TestNG.runSuitesLocally(TestNG.java:1200)
at org.testng.TestNG.runSuites(TestNG.java:1114)
at org.testng.TestNG.run(TestNG.java:1082)
at org.testng.remote.AbstractRemoteTestNG.run(AbstractRemoteTestNG.java:115)
at org.testng.remote.RemoteTestNG.initAndRun(RemoteTestNG.java:293)
at org.testng.remote.RemoteTestNG.main(RemoteTestNG.java:91)
]]>
    </error>
    <system-out>
      <![CDATA[====Open Browser====]]>
    </system-out>
  </testcase> <!-- openBrowser -->
  <system-out>
    <![CDATA[====Connect To DB, Report Configuration====
====Open Browser====
====Open Browser====
====Close DB Connection, Report Backup====]]>
  </system-out>
</testsuite> <!-- com.comcast.crm.contacttest.CreateContactTest -->
