<?xml version="1.0" encoding="UTF-8"?>
<!-- Generated by org.testng.reporters.JUnitReportReporter -->
<testsuite hostname="PSL" failures="0" tests="3" name="com.comcast.crm.contacttest.CreateContactTest" time="282.152" errors="0" timestamp="2025-09-26T12:53:46 IST" skipped="0">
  <testcase classname="com.comcast.crm.contacttest.CreateContactTest" name="createContactWithDate" time="43.927"/>
  <testcase classname="com.comcast.crm.contacttest.CreateContactTest" name="createContactWithOrganization" time="116.565"/>
  <testcase classname="com.comcast.crm.contacttest.CreateContactTest" name="createContact" time="121.660"/>
  <system-out>
    <![CDATA[====Connect To DB, Report Configuration====
====Open Browser====
====Login To Application====
====Logout of Application====
====Login To Application====
====Logout of Application====
====Login To Application====
====Logout of Application====
====Close Browser====
====Close DB Connection, Report Backup====]]>
  </system-out>
</testsuite> <!-- com.comcast.crm.contacttest.CreateContactTest -->
